<?xml version="1.0" encoding="UTF-8"?>
<!-- Generated by org.testng.reporters.JUnitXMLReporter -->
<testsuite hostname="MacBook-Pro-of-Yogesh.local" ignored="2" name="Default test" tests="1" failures="0" timestamp="21 Sep 2021 09:26:12 GMT" time="10.613" errors="0">
  <testcase name="loginPageTitle" time="0.36" classname="com.qa.hubspot.tests.LoginPageTest"/>
  <testcase name="signUplinkTest" time="0.0" classname="com.qa.hubspot.tests.LoginPageTest">
    <ignored/>
  </testcase> <!-- signUplinkTest -->
  <testcase name="loginTest" time="0.0" classname="com.qa.hubspot.tests.LoginPageTest">
    <ignored/>
  </testcase> <!-- loginTest -->
</testsuite> <!-- Default test -->
