<?xml version="1.0" encoding="UTF-8"?>
<testng-results skipped="0" failed="0" ignored="0" total="1" passed="1">
  <reporter-output>
  </reporter-output>
  <suite name="Default suite" duration-ms="25" started-at="2021-09-25T10:56:36Z" finished-at="2021-09-25T10:56:36Z">
    <groups>
    </groups>
    <test name="Default test" duration-ms="25" started-at="2021-09-25T10:56:36Z" finished-at="2021-09-25T10:56:36Z">
      <class name="com.qa.hubspot.tests.DealsPageTest">
        <test-method status="PASS" signature="titlTest()[pri:0, instance:com.qa.hubspot.tests.DealsPageTest@4e91d63f]" name="titlTest" duration-ms="7" started-at="2021-09-25T10:56:36Z" finished-at="2021-09-25T10:56:36Z">
          <reporter-output>
          </reporter-output>
        </test-method> <!-- titlTest -->
      </class> <!-- com.qa.hubspot.tests.DealsPageTest -->
    </test> <!-- Default test -->
  </suite> <!-- Default suite -->
</testng-results>
