<?xml version="1.0" encoding="UTF-8"?>
<testng-results skipped="0" failed="0" ignored="2" total="3" passed="1">
  <reporter-output>
  </reporter-output>
  <suite name="Default suite" duration-ms="10613" started-at="2021-09-21T09:26:01Z" finished-at="2021-09-21T09:26:12Z">
    <groups>
    </groups>
    <test name="Default test" duration-ms="10613" started-at="2021-09-21T09:26:01Z" finished-at="2021-09-21T09:26:12Z">
      <class name="com.qa.hubspot.tests.LoginPageTest">
        <test-method status="PASS" signature="setUp()[pri:0, instance:com.qa.hubspot.tests.LoginPageTest@5dd6264]" name="setUp" is-config="true" duration-ms="10143" started-at="2021-09-21T09:26:01Z" finished-at="2021-09-21T09:26:11Z">
          <reporter-output>
          </reporter-output>
        </test-method> <!-- setUp -->
        <test-method status="PASS" signature="loginPageTitle()[pri:1, instance:com.qa.hubspot.tests.LoginPageTest@5dd6264]" name="loginPageTitle" duration-ms="360" started-at="2021-09-21T09:26:11Z" finished-at="2021-09-21T09:26:11Z">
          <reporter-output>
          </reporter-output>
        </test-method> <!-- loginPageTitle -->
        <test-method status="PASS" signature="quitBrowser()[pri:0, instance:com.qa.hubspot.tests.LoginPageTest@5dd6264]" name="quitBrowser" is-config="true" duration-ms="89" started-at="2021-09-21T09:26:11Z" finished-at="2021-09-21T09:26:12Z">
          <reporter-output>
          </reporter-output>
        </test-method> <!-- quitBrowser -->
      </class> <!-- com.qa.hubspot.tests.LoginPageTest -->
    </test> <!-- Default test -->
  </suite> <!-- Default suite -->
</testng-results>
